2016/03/08 16:58:58 [error] [exception.CException] exception 'CException' with message 'Property "LoginForm.Запомнить" is not defined.' in /var/www/html/yii/framework/base/CComponent.php:130
Stack trace:
#0 /var/www/html/yii/framework/web/helpers/CHtml.php(2729): CComponent->__get('\xD0\x97\xD0\xB0\xD0\xBF\xD0\xBE\xD0\xBC\xD0\xBD\xD0\xB8\xD1...')
#1 /var/www/html/yii/framework/web/helpers/CHtml.php(1923): CHtml::resolveValue(Object(LoginForm), '\xD0\x97\xD0\xB0\xD0\xBF\xD0\xBE\xD0\xBC\xD0\xBD\xD0\xB8\xD1...')
#2 /var/www/html/yii/framework/web/widgets/CActiveForm.php(898): CHtml::activeCheckBox(Object(LoginForm), '\xD0\x97\xD0\xB0\xD0\xBF\xD0\xBE\xD0\xBC\xD0\xBD\xD0\xB8\xD1...', Array)
#3 /var/www/html/op/protected/extensions/bootstrap/widgets/input/TbInputHorizontal.php(51): CActiveForm->checkBox(Object(LoginForm), '\xD0\x97\xD0\xB0\xD0\xBF\xD0\xBE\xD0\xBC\xD0\xBD\xD0\xB8\xD1...', Array)
#4 /var/www/html/op/protected/extensions/bootstrap/widgets/input/TbInput.php(189): TbInputHorizontal->checkBox()
#5 /var/www/html/op/protected/extensions/bootstrap/widgets/input/TbInputHorizontal.php(24): TbInput->run()
#6 /var/www/html/yii/framework/web/CBaseController.php(181): TbInputHorizontal->run()
#7 /var/www/html/op/protected/extensions/bootstrap/widgets/TbActiveForm.php(497): CBaseController->widget('bootstrap.widge...', Array)
#8 /var/www/html/op/protected/extensions/bootstrap/widgets/TbActiveForm.php(73): TbActiveForm->inputRow('checkbox', Object(LoginForm), '\xD0\x97\xD0\xB0\xD0\xBF\xD0\xBE\xD0\xBC\xD0\xBD\xD0\xB8\xD1...', NULL, Array)
#9 /var/www/html/op/themes/bootstrap/views/site/login.php(35): TbActiveForm->checkBoxRow(Object(LoginForm), '\xD0\x97\xD0\xB0\xD0\xBF\xD0\xBE\xD0\xBC\xD0\xBD\xD0\xB8\xD1...')
#10 /var/www/html/yii/framework/web/CBaseController.php(126): require('/var/www/html/o...')
#11 /var/www/html/yii/framework/web/CBaseController.php(95): CBaseController->renderInternal('/var/www/html/o...', Array, true)
#12 /var/www/html/yii/framework/web/CController.php(869): CBaseController->renderFile('/var/www/html/o...', Array, true)
#13 /var/www/html/yii/framework/web/CController.php(782): CController->renderPartial('login', Array, true)
#14 /var/www/html/op/protected/controllers/SiteController.php(98): CController->render('login', Array)
#15 /var/www/html/yii/framework/web/actions/CInlineAction.php(49): SiteController->actionLogin()
#16 /var/www/html/yii/framework/web/CController.php(308): CInlineAction->runWithParams(Array)
#17 /var/www/html/yii/framework/web/CController.php(286): CController->runAction(Object(CInlineAction))
#18 /var/www/html/yii/framework/web/CController.php(265): CController->runActionWithFilters(Object(CInlineAction), Array)
#19 /var/www/html/yii/framework/web/CWebApplication.php(282): CController->run('login')
#20 /var/www/html/yii/framework/web/CWebApplication.php(141): CWebApplication->runController('site/login')
#21 /var/www/html/yii/framework/base/CApplication.php(185): CWebApplication->processRequest()
#22 /var/www/html/op/index.php(13): CApplication->run()
#23 {main}
REQUEST_URI=/op/index.php?r=site/login
HTTP_REFERER=http://185.76.145.188/op/index.php
---
2016/03/08 16:59:15 [error] [exception.CException] exception 'CException' with message 'Property "LoginForm.Запомнить" is not defined.' in /var/www/html/yii/framework/base/CComponent.php:130
Stack trace:
#0 /var/www/html/yii/framework/web/helpers/CHtml.php(2729): CComponent->__get('\xD0\x97\xD0\xB0\xD0\xBF\xD0\xBE\xD0\xBC\xD0\xBD\xD0\xB8\xD1...')
#1 /var/www/html/yii/framework/web/helpers/CHtml.php(1923): CHtml::resolveValue(Object(LoginForm), '\xD0\x97\xD0\xB0\xD0\xBF\xD0\xBE\xD0\xBC\xD0\xBD\xD0\xB8\xD1...')
#2 /var/www/html/yii/framework/web/widgets/CActiveForm.php(898): CHtml::activeCheckBox(Object(LoginForm), '\xD0\x97\xD0\xB0\xD0\xBF\xD0\xBE\xD0\xBC\xD0\xBD\xD0\xB8\xD1...', Array)
#3 /var/www/html/op/protected/extensions/bootstrap/widgets/input/TbInputHorizontal.php(51): CActiveForm->checkBox(Object(LoginForm), '\xD0\x97\xD0\xB0\xD0\xBF\xD0\xBE\xD0\xBC\xD0\xBD\xD0\xB8\xD1...', Array)
#4 /var/www/html/op/protected/extensions/bootstrap/widgets/input/TbInput.php(189): TbInputHorizontal->checkBox()
#5 /var/www/html/op/protected/extensions/bootstrap/widgets/input/TbInputHorizontal.php(24): TbInput->run()
#6 /var/www/html/yii/framework/web/CBaseController.php(181): TbInputHorizontal->run()
#7 /var/www/html/op/protected/extensions/bootstrap/widgets/TbActiveForm.php(497): CBaseController->widget('bootstrap.widge...', Array)
#8 /var/www/html/op/protected/extensions/bootstrap/widgets/TbActiveForm.php(73): TbActiveForm->inputRow('checkbox', Object(LoginForm), '\xD0\x97\xD0\xB0\xD0\xBF\xD0\xBE\xD0\xBC\xD0\xBD\xD0\xB8\xD1...', NULL, Array)
#9 /var/www/html/op/themes/bootstrap/views/site/login.php(35): TbActiveForm->checkBoxRow(Object(LoginForm), '\xD0\x97\xD0\xB0\xD0\xBF\xD0\xBE\xD0\xBC\xD0\xBD\xD0\xB8\xD1...')
#10 /var/www/html/yii/framework/web/CBaseController.php(126): require('/var/www/html/o...')
#11 /var/www/html/yii/framework/web/CBaseController.php(95): CBaseController->renderInternal('/var/www/html/o...', Array, true)
#12 /var/www/html/yii/framework/web/CController.php(869): CBaseController->renderFile('/var/www/html/o...', Array, true)
#13 /var/www/html/yii/framework/web/CController.php(782): CController->renderPartial('login', Array, true)
#14 /var/www/html/op/protected/controllers/SiteController.php(98): CController->render('login', Array)
#15 /var/www/html/yii/framework/web/actions/CInlineAction.php(49): SiteController->actionLogin()
#16 /var/www/html/yii/framework/web/CController.php(308): CInlineAction->runWithParams(Array)
#17 /var/www/html/yii/framework/web/CController.php(286): CController->runAction(Object(CInlineAction))
#18 /var/www/html/yii/framework/web/CController.php(265): CController->runActionWithFilters(Object(CInlineAction), Array)
#19 /var/www/html/yii/framework/web/CWebApplication.php(282): CController->run('login')
#20 /var/www/html/yii/framework/web/CWebApplication.php(141): CWebApplication->runController('site/login')
#21 /var/www/html/yii/framework/base/CApplication.php(185): CWebApplication->processRequest()
#22 /var/www/html/op/index.php(13): CApplication->run()
#23 {main}
REQUEST_URI=/op/index.php?r=site/login
HTTP_REFERER=http://185.76.145.188/op/index.php
---
2016/03/08 16:59:16 [error] [exception.CException] exception 'CException' with message 'Property "LoginForm.Запомнить" is not defined.' in /var/www/html/yii/framework/base/CComponent.php:130
Stack trace:
#0 /var/www/html/yii/framework/web/helpers/CHtml.php(2729): CComponent->__get('\xD0\x97\xD0\xB0\xD0\xBF\xD0\xBE\xD0\xBC\xD0\xBD\xD0\xB8\xD1...')
#1 /var/www/html/yii/framework/web/helpers/CHtml.php(1923): CHtml::resolveValue(Object(LoginForm), '\xD0\x97\xD0\xB0\xD0\xBF\xD0\xBE\xD0\xBC\xD0\xBD\xD0\xB8\xD1...')
#2 /var/www/html/yii/framework/web/widgets/CActiveForm.php(898): CHtml::activeCheckBox(Object(LoginForm), '\xD0\x97\xD0\xB0\xD0\xBF\xD0\xBE\xD0\xBC\xD0\xBD\xD0\xB8\xD1...', Array)
#3 /var/www/html/op/protected/extensions/bootstrap/widgets/input/TbInputHorizontal.php(51): CActiveForm->checkBox(Object(LoginForm), '\xD0\x97\xD0\xB0\xD0\xBF\xD0\xBE\xD0\xBC\xD0\xBD\xD0\xB8\xD1...', Array)
#4 /var/www/html/op/protected/extensions/bootstrap/widgets/input/TbInput.php(189): TbInputHorizontal->checkBox()
#5 /var/www/html/op/protected/extensions/bootstrap/widgets/input/TbInputHorizontal.php(24): TbInput->run()
#6 /var/www/html/yii/framework/web/CBaseController.php(181): TbInputHorizontal->run()
#7 /var/www/html/op/protected/extensions/bootstrap/widgets/TbActiveForm.php(497): CBaseController->widget('bootstrap.widge...', Array)
#8 /var/www/html/op/protected/extensions/bootstrap/widgets/TbActiveForm.php(73): TbActiveForm->inputRow('checkbox', Object(LoginForm), '\xD0\x97\xD0\xB0\xD0\xBF\xD0\xBE\xD0\xBC\xD0\xBD\xD0\xB8\xD1...', NULL, Array)
#9 /var/www/html/op/themes/bootstrap/views/site/login.php(35): TbActiveForm->checkBoxRow(Object(LoginForm), '\xD0\x97\xD0\xB0\xD0\xBF\xD0\xBE\xD0\xBC\xD0\xBD\xD0\xB8\xD1...')
#10 /var/www/html/yii/framework/web/CBaseController.php(126): require('/var/www/html/o...')
#11 /var/www/html/yii/framework/web/CBaseController.php(95): CBaseController->renderInternal('/var/www/html/o...', Array, true)
#12 /var/www/html/yii/framework/web/CController.php(869): CBaseController->renderFile('/var/www/html/o...', Array, true)
#13 /var/www/html/yii/framework/web/CController.php(782): CController->renderPartial('login', Array, true)
#14 /var/www/html/op/protected/controllers/SiteController.php(98): CController->render('login', Array)
#15 /var/www/html/yii/framework/web/actions/CInlineAction.php(49): SiteController->actionLogin()
#16 /var/www/html/yii/framework/web/CController.php(308): CInlineAction->runWithParams(Array)
#17 /var/www/html/yii/framework/web/CController.php(286): CController->runAction(Object(CInlineAction))
#18 /var/www/html/yii/framework/web/CController.php(265): CController->runActionWithFilters(Object(CInlineAction), Array)
#19 /var/www/html/yii/framework/web/CWebApplication.php(282): CController->run('login')
#20 /var/www/html/yii/framework/web/CWebApplication.php(141): CWebApplication->runController('site/login')
#21 /var/www/html/yii/framework/base/CApplication.php(185): CWebApplication->processRequest()
#22 /var/www/html/op/index.php(13): CApplication->run()
#23 {main}
REQUEST_URI=/op/index.php?r=site/login
HTTP_REFERER=http://185.76.145.188/op/index.php
---
2016/03/08 16:59:20 [error] [exception.CException] exception 'CException' with message 'Property "LoginForm.Запомнить" is not defined.' in /var/www/html/yii/framework/base/CComponent.php:130
Stack trace:
#0 /var/www/html/yii/framework/web/helpers/CHtml.php(2729): CComponent->__get('\xD0\x97\xD0\xB0\xD0\xBF\xD0\xBE\xD0\xBC\xD0\xBD\xD0\xB8\xD1...')
#1 /var/www/html/yii/framework/web/helpers/CHtml.php(1923): CHtml::resolveValue(Object(LoginForm), '\xD0\x97\xD0\xB0\xD0\xBF\xD0\xBE\xD0\xBC\xD0\xBD\xD0\xB8\xD1...')
#2 /var/www/html/yii/framework/web/widgets/CActiveForm.php(898): CHtml::activeCheckBox(Object(LoginForm), '\xD0\x97\xD0\xB0\xD0\xBF\xD0\xBE\xD0\xBC\xD0\xBD\xD0\xB8\xD1...', Array)
#3 /var/www/html/op/protected/extensions/bootstrap/widgets/input/TbInputHorizontal.php(51): CActiveForm->checkBox(Object(LoginForm), '\xD0\x97\xD0\xB0\xD0\xBF\xD0\xBE\xD0\xBC\xD0\xBD\xD0\xB8\xD1...', Array)
#4 /var/www/html/op/protected/extensions/bootstrap/widgets/input/TbInput.php(189): TbInputHorizontal->checkBox()
#5 /var/www/html/op/protected/extensions/bootstrap/widgets/input/TbInputHorizontal.php(24): TbInput->run()
#6 /var/www/html/yii/framework/web/CBaseController.php(181): TbInputHorizontal->run()
#7 /var/www/html/op/protected/extensions/bootstrap/widgets/TbActiveForm.php(497): CBaseController->widget('bootstrap.widge...', Array)
#8 /var/www/html/op/protected/extensions/bootstrap/widgets/TbActiveForm.php(73): TbActiveForm->inputRow('checkbox', Object(LoginForm), '\xD0\x97\xD0\xB0\xD0\xBF\xD0\xBE\xD0\xBC\xD0\xBD\xD0\xB8\xD1...', NULL, Array)
#9 /var/www/html/op/themes/bootstrap/views/site/login.php(35): TbActiveForm->checkBoxRow(Object(LoginForm), '\xD0\x97\xD0\xB0\xD0\xBF\xD0\xBE\xD0\xBC\xD0\xBD\xD0\xB8\xD1...')
#10 /var/www/html/yii/framework/web/CBaseController.php(126): require('/var/www/html/o...')
#11 /var/www/html/yii/framework/web/CBaseController.php(95): CBaseController->renderInternal('/var/www/html/o...', Array, true)
#12 /var/www/html/yii/framework/web/CController.php(869): CBaseController->renderFile('/var/www/html/o...', Array, true)
#13 /var/www/html/yii/framework/web/CController.php(782): CController->renderPartial('login', Array, true)
#14 /var/www/html/op/protected/controllers/SiteController.php(98): CController->render('login', Array)
#15 /var/www/html/yii/framework/web/actions/CInlineAction.php(49): SiteController->actionLogin()
#16 /var/www/html/yii/framework/web/CController.php(308): CInlineAction->runWithParams(Array)
#17 /var/www/html/yii/framework/web/CController.php(286): CController->runAction(Object(CInlineAction))
#18 /var/www/html/yii/framework/web/CController.php(265): CController->runActionWithFilters(Object(CInlineAction), Array)
#19 /var/www/html/yii/framework/web/CWebApplication.php(282): CController->run('login')
#20 /var/www/html/yii/framework/web/CWebApplication.php(141): CWebApplication->runController('site/login')
#21 /var/www/html/yii/framework/base/CApplication.php(185): CWebApplication->processRequest()
#22 /var/www/html/op/index.php(13): CApplication->run()
#23 {main}
REQUEST_URI=/op/index.php?r=site/login
HTTP_REFERER=http://185.76.145.188/op/index.php
---
2016/03/08 17:00:00 [error] [exception.CException] exception 'CException' with message 'Property "LoginForm.Запомнить" is not defined.' in /var/www/html/yii/framework/base/CComponent.php:130
Stack trace:
#0 /var/www/html/yii/framework/web/helpers/CHtml.php(2729): CComponent->__get('\xD0\x97\xD0\xB0\xD0\xBF\xD0\xBE\xD0\xBC\xD0\xBD\xD0\xB8\xD1...')
#1 /var/www/html/yii/framework/web/helpers/CHtml.php(1923): CHtml::resolveValue(Object(LoginForm), '\xD0\x97\xD0\xB0\xD0\xBF\xD0\xBE\xD0\xBC\xD0\xBD\xD0\xB8\xD1...')
#2 /var/www/html/yii/framework/web/widgets/CActiveForm.php(898): CHtml::activeCheckBox(Object(LoginForm), '\xD0\x97\xD0\xB0\xD0\xBF\xD0\xBE\xD0\xBC\xD0\xBD\xD0\xB8\xD1...', Array)
#3 /var/www/html/op/protected/extensions/bootstrap/widgets/input/TbInputHorizontal.php(51): CActiveForm->checkBox(Object(LoginForm), '\xD0\x97\xD0\xB0\xD0\xBF\xD0\xBE\xD0\xBC\xD0\xBD\xD0\xB8\xD1...', Array)
#4 /var/www/html/op/protected/extensions/bootstrap/widgets/input/TbInput.php(189): TbInputHorizontal->checkBox()
#5 /var/www/html/op/protected/extensions/bootstrap/widgets/input/TbInputHorizontal.php(24): TbInput->run()
#6 /var/www/html/yii/framework/web/CBaseController.php(181): TbInputHorizontal->run()
#7 /var/www/html/op/protected/extensions/bootstrap/widgets/TbActiveForm.php(497): CBaseController->widget('bootstrap.widge...', Array)
#8 /var/www/html/op/protected/extensions/bootstrap/widgets/TbActiveForm.php(73): TbActiveForm->inputRow('checkbox', Object(LoginForm), '\xD0\x97\xD0\xB0\xD0\xBF\xD0\xBE\xD0\xBC\xD0\xBD\xD0\xB8\xD1...', NULL, Array)
#9 /var/www/html/op/themes/bootstrap/views/site/login.php(35): TbActiveForm->checkBoxRow(Object(LoginForm), '\xD0\x97\xD0\xB0\xD0\xBF\xD0\xBE\xD0\xBC\xD0\xBD\xD0\xB8\xD1...')
#10 /var/www/html/yii/framework/web/CBaseController.php(126): require('/var/www/html/o...')
#11 /var/www/html/yii/framework/web/CBaseController.php(95): CBaseController->renderInternal('/var/www/html/o...', Array, true)
#12 /var/www/html/yii/framework/web/CController.php(869): CBaseController->renderFile('/var/www/html/o...', Array, true)
#13 /var/www/html/yii/framework/web/CController.php(782): CController->renderPartial('login', Array, true)
#14 /var/www/html/op/protected/controllers/SiteController.php(98): CController->render('login', Array)
#15 /var/www/html/yii/framework/web/actions/CInlineAction.php(49): SiteController->actionLogin()
#16 /var/www/html/yii/framework/web/CController.php(308): CInlineAction->runWithParams(Array)
#17 /var/www/html/yii/framework/web/CController.php(286): CController->runAction(Object(CInlineAction))
#18 /var/www/html/yii/framework/web/CController.php(265): CController->runActionWithFilters(Object(CInlineAction), Array)
#19 /var/www/html/yii/framework/web/CWebApplication.php(282): CController->run('login')
#20 /var/www/html/yii/framework/web/CWebApplication.php(141): CWebApplication->runController('site/login')
#21 /var/www/html/yii/framework/base/CApplication.php(185): CWebApplication->processRequest()
#22 /var/www/html/op/index.php(13): CApplication->run()
#23 {main}
REQUEST_URI=/op/index.php?r=site/login
HTTP_REFERER=http://185.76.145.188/op/index.php
---
2016/03/08 17:01:13 [error] [exception.CException] exception 'CException' with message 'Property "LoginForm.Запомнить" is not defined.' in /var/www/html/yii/framework/base/CComponent.php:130
Stack trace:
#0 /var/www/html/yii/framework/web/helpers/CHtml.php(2729): CComponent->__get('\xD0\x97\xD0\xB0\xD0\xBF\xD0\xBE\xD0\xBC\xD0\xBD\xD0\xB8\xD1...')
#1 /var/www/html/yii/framework/web/helpers/CHtml.php(1923): CHtml::resolveValue(Object(LoginForm), '\xD0\x97\xD0\xB0\xD0\xBF\xD0\xBE\xD0\xBC\xD0\xBD\xD0\xB8\xD1...')
#2 /var/www/html/yii/framework/web/widgets/CActiveForm.php(898): CHtml::activeCheckBox(Object(LoginForm), '\xD0\x97\xD0\xB0\xD0\xBF\xD0\xBE\xD0\xBC\xD0\xBD\xD0\xB8\xD1...', Array)
#3 /var/www/html/op/protected/extensions/bootstrap/widgets/input/TbInputHorizontal.php(51): CActiveForm->checkBox(Object(LoginForm), '\xD0\x97\xD0\xB0\xD0\xBF\xD0\xBE\xD0\xBC\xD0\xBD\xD0\xB8\xD1...', Array)
#4 /var/www/html/op/protected/extensions/bootstrap/widgets/input/TbInput.php(189): TbInputHorizontal->checkBox()
#5 /var/www/html/op/protected/extensions/bootstrap/widgets/input/TbInputHorizontal.php(24): TbInput->run()
#6 /var/www/html/yii/framework/web/CBaseController.php(181): TbInputHorizontal->run()
#7 /var/www/html/op/protected/extensions/bootstrap/widgets/TbActiveForm.php(497): CBaseController->widget('bootstrap.widge...', Array)
#8 /var/www/html/op/protected/extensions/bootstrap/widgets/TbActiveForm.php(73): TbActiveForm->inputRow('checkbox', Object(LoginForm), '\xD0\x97\xD0\xB0\xD0\xBF\xD0\xBE\xD0\xBC\xD0\xBD\xD0\xB8\xD1...', NULL, Array)
#9 /var/www/html/op/themes/bootstrap/views/site/login.php(35): TbActiveForm->checkBoxRow(Object(LoginForm), '\xD0\x97\xD0\xB0\xD0\xBF\xD0\xBE\xD0\xBC\xD0\xBD\xD0\xB8\xD1...')
#10 /var/www/html/yii/framework/web/CBaseController.php(126): require('/var/www/html/o...')
#11 /var/www/html/yii/framework/web/CBaseController.php(95): CBaseController->renderInternal('/var/www/html/o...', Array, true)
#12 /var/www/html/yii/framework/web/CController.php(869): CBaseController->renderFile('/var/www/html/o...', Array, true)
#13 /var/www/html/yii/framework/web/CController.php(782): CController->renderPartial('login', Array, true)
#14 /var/www/html/op/protected/controllers/SiteController.php(98): CController->render('login', Array)
#15 /var/www/html/yii/framework/web/actions/CInlineAction.php(49): SiteController->actionLogin()
#16 /var/www/html/yii/framework/web/CController.php(308): CInlineAction->runWithParams(Array)
#17 /var/www/html/yii/framework/web/CController.php(286): CController->runAction(Object(CInlineAction))
#18 /var/www/html/yii/framework/web/CController.php(265): CController->runActionWithFilters(Object(CInlineAction), Array)
#19 /var/www/html/yii/framework/web/CWebApplication.php(282): CController->run('login')
#20 /var/www/html/yii/framework/web/CWebApplication.php(141): CWebApplication->runController('site/login')
#21 /var/www/html/yii/framework/base/CApplication.php(185): CWebApplication->processRequest()
#22 /var/www/html/op/index.php(13): CApplication->run()
#23 {main}
REQUEST_URI=/op/index.php?r=site/login
HTTP_REFERER=http://185.76.145.188/op/index.php?r=site/contact
---
2016/03/08 17:04:19 [error] [exception.CException] exception 'CException' with message 'Property "LoginForm.Запомнить" is not defined.' in /var/www/html/yii/framework/base/CComponent.php:130
Stack trace:
#0 /var/www/html/yii/framework/web/helpers/CHtml.php(2729): CComponent->__get('\xD0\x97\xD0\xB0\xD0\xBF\xD0\xBE\xD0\xBC\xD0\xBD\xD0\xB8\xD1...')
#1 /var/www/html/yii/framework/web/helpers/CHtml.php(1923): CHtml::resolveValue(Object(LoginForm), '\xD0\x97\xD0\xB0\xD0\xBF\xD0\xBE\xD0\xBC\xD0\xBD\xD0\xB8\xD1...')
#2 /var/www/html/yii/framework/web/widgets/CActiveForm.php(898): CHtml::activeCheckBox(Object(LoginForm), '\xD0\x97\xD0\xB0\xD0\xBF\xD0\xBE\xD0\xBC\xD0\xBD\xD0\xB8\xD1...', Array)
#3 /var/www/html/op/protected/extensions/bootstrap/widgets/input/TbInputHorizontal.php(51): CActiveForm->checkBox(Object(LoginForm), '\xD0\x97\xD0\xB0\xD0\xBF\xD0\xBE\xD0\xBC\xD0\xBD\xD0\xB8\xD1...', Array)
#4 /var/www/html/op/protected/extensions/bootstrap/widgets/input/TbInput.php(189): TbInputHorizontal->checkBox()
#5 /var/www/html/op/protected/extensions/bootstrap/widgets/input/TbInputHorizontal.php(24): TbInput->run()
#6 /var/www/html/yii/framework/web/CBaseController.php(181): TbInputHorizontal->run()
#7 /var/www/html/op/protected/extensions/bootstrap/widgets/TbActiveForm.php(497): CBaseController->widget('bootstrap.widge...', Array)
#8 /var/www/html/op/protected/extensions/bootstrap/widgets/TbActiveForm.php(73): TbActiveForm->inputRow('checkbox', Object(LoginForm), '\xD0\x97\xD0\xB0\xD0\xBF\xD0\xBE\xD0\xBC\xD0\xBD\xD0\xB8\xD1...', NULL, Array)
#9 /var/www/html/op/themes/bootstrap/views/site/login.php(35): TbActiveForm->checkBoxRow(Object(LoginForm), '\xD0\x97\xD0\xB0\xD0\xBF\xD0\xBE\xD0\xBC\xD0\xBD\xD0\xB8\xD1...')
#10 /var/www/html/yii/framework/web/CBaseController.php(126): require('/var/www/html/o...')
#11 /var/www/html/yii/framework/web/CBaseController.php(95): CBaseController->renderInternal('/var/www/html/o...', Array, true)
#12 /var/www/html/yii/framework/web/CController.php(869): CBaseController->renderFile('/var/www/html/o...', Array, true)
#13 /var/www/html/yii/framework/web/CController.php(782): CController->renderPartial('login', Array, true)
#14 /var/www/html/op/protected/controllers/SiteController.php(98): CController->render('login', Array)
#15 /var/www/html/yii/framework/web/actions/CInlineAction.php(49): SiteController->actionLogin()
#16 /var/www/html/yii/framework/web/CController.php(308): CInlineAction->runWithParams(Array)
#17 /var/www/html/yii/framework/web/CController.php(286): CController->runAction(Object(CInlineAction))
#18 /var/www/html/yii/framework/web/CController.php(265): CController->runActionWithFilters(Object(CInlineAction), Array)
#19 /var/www/html/yii/framework/web/CWebApplication.php(282): CController->run('login')
#20 /var/www/html/yii/framework/web/CWebApplication.php(141): CWebApplication->runController('site/login')
#21 /var/www/html/yii/framework/base/CApplication.php(185): CWebApplication->processRequest()
#22 /var/www/html/op/index.php(13): CApplication->run()
#23 {main}
REQUEST_URI=/op/index.php?r=site/login
HTTP_REFERER=http://185.76.145.188/op/index.php?r=site/contact
---
